// Validating benchmarks:
//    * Assembly QueryMonitoring which defines benchmarks is non-optimized
Benchmark was built without optimization enabled (most probably a DEBUG configuration). Please, build it in RELEASE.
If you want to debug the benchmarks, please see https://benchmarkdotnet.org/articles/guides/troubleshooting.html#debugging-benchmarks.

// ***** BenchmarkRunner: Start   *****
// ***** Found 2 benchmark(s) in total *****
// ***** Building 1 exe(s) in Parallel: Start   *****
// start dotnet  restore /p:UseSharedCompilation=false /p:BuildInParallel=false /m:1 /p:Deterministic=true /p:Optimize=true /p:IntermediateOutputPath="C:\Users\BAHAA.ABUSHEHADEH\source\repos\QueryMonitoring\bin\Debug\net8.0\2b51a414-d539-4187-9744-15bc4919faed\obj\Release\net8.0/" /p:OutDir="C:\Users\BAHAA.ABUSHEHADEH\source\repos\QueryMonitoring\bin\Debug\net8.0\2b51a414-d539-4187-9744-15bc4919faed\bin\Release\net8.0/" /p:OutputPath="C:\Users\BAHAA.ABUSHEHADEH\source\repos\QueryMonitoring\bin\Debug\net8.0\2b51a414-d539-4187-9744-15bc4919faed\bin\Release\net8.0/" in C:\Users\BAHAA.ABUSHEHADEH\source\repos\QueryMonitoring\bin\Debug\net8.0\2b51a414-d539-4187-9744-15bc4919faed
// command took 2.42 sec and exited with 0
// start dotnet  build -c Release --no-restore /p:UseSharedCompilation=false /p:BuildInParallel=false /m:1 /p:Deterministic=true /p:Optimize=true /p:IntermediateOutputPath="C:\Users\BAHAA.ABUSHEHADEH\source\repos\QueryMonitoring\bin\Debug\net8.0\2b51a414-d539-4187-9744-15bc4919faed\obj\Release\net8.0/" /p:OutDir="C:\Users\BAHAA.ABUSHEHADEH\source\repos\QueryMonitoring\bin\Debug\net8.0\2b51a414-d539-4187-9744-15bc4919faed\bin\Release\net8.0/" /p:OutputPath="C:\Users\BAHAA.ABUSHEHADEH\source\repos\QueryMonitoring\bin\Debug\net8.0\2b51a414-d539-4187-9744-15bc4919faed\bin\Release\net8.0/" --output "C:\Users\BAHAA.ABUSHEHADEH\source\repos\QueryMonitoring\bin\Debug\net8.0\2b51a414-d539-4187-9744-15bc4919faed\bin\Release\net8.0/" in C:\Users\BAHAA.ABUSHEHADEH\source\repos\QueryMonitoring\bin\Debug\net8.0\2b51a414-d539-4187-9744-15bc4919faed
// command took 8.73 sec and exited with 1
// ***** Done, took 00:00:11 (11.22 sec)   *****
// Found 2 benchmarks:
//   RamallahDbContext.SaveChangesAsync: Job-PNPARO(OutlierMode=DontRemove, RunStrategy=Monitoring) [cancellationToken=100]
//   RamallahDbContext.SaveChangesAsync: ShortRun(OutlierMode=DontRemove, IterationCount=1, LaunchCount=1, WarmupCount=1) [cancellationToken=100]

Setup power plan (GUID: 8c5e7fda-e8bf-4a96-9a85-a6e23a8c635c FriendlyName: High performance)
// Build Error: Standard output: 
  
 Standard error: 
 C:\Users\BAHAA.ABUSHEHADEH\source\repos\QueryMonitoring\bin\Debug\net8.0\2b51a414-d539-4187-9744-15bc4919faed\BenchmarkDotNet.Autogenerated.csproj : warning NU1608: Detected package version outside of dependency constraint: Pomelo.EntityFrameworkCore.MySql 8.0.2 requires Microsoft.EntityFrameworkCore.Relational (>= 8.0.2 && <= 8.0.999) but version Microsoft.EntityFrameworkCore.Relational 9.0.0 was resolved.
C:\Users\BAHAA.ABUSHEHADEH\source\repos\QueryMonitoring\bin\Debug\net8.0\2b51a414-d539-4187-9744-15bc4919faed\BenchmarkDotNet.Autogenerated.csproj : warning NU1701: Package 'MySql.Data.EntityFramework 9.0.0' was restored using '.NETFramework,Version=v4.6.1, .NETFramework,Version=v4.6.2, .NETFramework,Version=v4.7, .NETFramework,Version=v4.7.1, .NETFramework,Version=v4.7.2, .NETFramework,Version=v4.8, .NETFramework,Version=v4.8.1' instead of the project target framework 'net8.0'. This package may not be fully compatible with your project.
C:\Users\BAHAA.ABUSHEHADEH\source\repos\QueryMonitoring\QueryMonitoring.csproj : warning NU1608: Detected package version outside of dependency constraint: Pomelo.EntityFrameworkCore.MySql 8.0.2 requires Microsoft.EntityFrameworkCore.Relational (>= 8.0.2 && <= 8.0.999) but version Microsoft.EntityFrameworkCore.Relational 9.0.0 was resolved.
C:\Users\BAHAA.ABUSHEHADEH\source\repos\QueryMonitoring\QueryMonitoring.csproj : warning NU1701: Package 'MySql.Data.EntityFramework 9.0.0' was restored using '.NETFramework,Version=v4.6.1, .NETFramework,Version=v4.6.2, .NETFramework,Version=v4.7, .NETFramework,Version=v4.7.1, .NETFramework,Version=v4.7.2, .NETFramework,Version=v4.8, .NETFramework,Version=v4.8.1' instead of the project target framework 'net8.0'. This package may not be fully compatible with your project.
C:\Users\BAHAA.ABUSHEHADEH\source\repos\QueryMonitoring\Entities\Attachment.cs(7,12): warning CS8618: Non-nullable property 'EntityId' must contain a non-null value when exiting constructor. Consider adding the 'required' modifier or declaring the property as nullable. [C:\Users\BAHAA.ABUSHEHADEH\source\repos\QueryMonitoring\QueryMonitoring.csproj]
C:\Users\BAHAA.ABUSHEHADEH\source\repos\QueryMonitoring\Entities\Attachment.cs(7,12): warning CS8618: Non-nullable property 'EntityName' must contain a non-null value when exiting constructor. Consider adding the 'required' modifier or declaring the property as nullable. [C:\Users\BAHAA.ABUSHEHADEH\source\repos\QueryMonitoring\QueryMonitoring.csproj]
C:\Users\BAHAA.ABUSHEHADEH\source\repos\QueryMonitoring\Entities\Attachment.cs(7,12): warning CS8618: Non-nullable property 'Name' must contain a non-null value when exiting constructor. Consider adding the 'required' modifier or declaring the property as nullable. [C:\Users\BAHAA.ABUSHEHADEH\source\repos\QueryMonitoring\QueryMonitoring.csproj]
C:\Users\BAHAA.ABUSHEHADEH\source\repos\QueryMonitoring\Entities\Attachment.cs(7,12): warning CS8618: Non-nullable property 'ContentType' must contain a non-null value when exiting constructor. Consider adding the 'required' modifier or declaring the property as nullable. [C:\Users\BAHAA.ABUSHEHADEH\source\repos\QueryMonitoring\QueryMonitoring.csproj]
C:\Users\BAHAA.ABUSHEHADEH\source\repos\QueryMonitoring\Entities\Attachment.cs(7,12): warning CS8618: Non-nullable property 'Content' must contain a non-null value when exiting constructor. Consider adding the 'required' modifier or declaring the property as nullable. [C:\Users\BAHAA.ABUSHEHADEH\source\repos\QueryMonitoring\QueryMonitoring.csproj]
C:\Users\BAHAA.ABUSHEHADEH\source\repos\QueryMonitoring\Entities\Shop.cs(8,12): warning CS8618: Non-nullable field 'Name' must contain a non-null value when exiting constructor. Consider adding the 'required' modifier or declaring the field as nullable. [C:\Users\BAHAA.ABUSHEHADEH\source\repos\QueryMonitoring\QueryMonitoring.csproj]
C:\Users\BAHAA.ABUSHEHADEH\source\repos\QueryMonitoring\Entities\Shop.cs(8,12): warning CS8618: Non-nullable field 'Address' must contain a non-null value when exiting constructor. Consider adding the 'required' modifier or declaring the field as nullable. [C:\Users\BAHAA.ABUSHEHADEH\source\repos\QueryMonitoring\QueryMonitoring.csproj]
C:\Users\BAHAA.ABUSHEHADEH\source\repos\QueryMonitoring\Entities\Shop.cs(8,12): warning CS8618: Non-nullable field 'ProductTypes' must contain a non-null value when exiting constructor. Consider adding the 'required' modifier or declaring the field as nullable. [C:\Users\BAHAA.ABUSHEHADEH\source\repos\QueryMonitoring\QueryMonitoring.csproj]
C:\Users\BAHAA.ABUSHEHADEH\source\repos\QueryMonitoring\Products\Entities\ProductType.cs(8,19): warning CS8618: Non-nullable property 'Name' must contain a non-null value when exiting constructor. Consider adding the 'required' modifier or declaring the property as nullable. [C:\Users\BAHAA.ABUSHEHADEH\source\repos\QueryMonitoring\QueryMonitoring.csproj]
C:\Users\BAHAA.ABUSHEHADEH\source\repos\QueryMonitoring\Products\Entities\Product.cs(10,16): warning CS8618: Non-nullable property 'Name' must contain a non-null value when exiting constructor. Consider adding the 'required' modifier or declaring the property as nullable. [C:\Users\BAHAA.ABUSHEHADEH\source\repos\QueryMonitoring\QueryMonitoring.csproj]
C:\Users\BAHAA.ABUSHEHADEH\source\repos\QueryMonitoring\Products\Entities\Product.cs(10,16): warning CS8618: Non-nullable property 'ProductType' must contain a non-null value when exiting constructor. Consider adding the 'required' modifier or declaring the property as nullable. [C:\Users\BAHAA.ABUSHEHADEH\source\repos\QueryMonitoring\QueryMonitoring.csproj]
C:\Users\BAHAA.ABUSHEHADEH\source\repos\QueryMonitoring\Products\Entities\Product.cs(10,16): warning CS8618: Non-nullable property 'Manufacturer' must contain a non-null value when exiting constructor. Consider adding the 'required' modifier or declaring the property as nullable. [C:\Users\BAHAA.ABUSHEHADEH\source\repos\QueryMonitoring\QueryMonitoring.csproj]
C:\Users\BAHAA.ABUSHEHADEH\source\repos\QueryMonitoring\Products\Entities\Product.cs(10,16): warning CS8618: Non-nullable property 'Shop' must contain a non-null value when exiting constructor. Consider adding the 'required' modifier or declaring the property as nullable. [C:\Users\BAHAA.ABUSHEHADEH\source\repos\QueryMonitoring\QueryMonitoring.csproj]
C:\Users\BAHAA.ABUSHEHADEH\source\repos\QueryMonitoring\Products\Entities\Product.cs(15,16): warning CS8618: Non-nullable property 'ProductType' must contain a non-null value when exiting constructor. Consider adding the 'required' modifier or declaring the property as nullable. [C:\Users\BAHAA.ABUSHEHADEH\source\repos\QueryMonitoring\QueryMonitoring.csproj]
C:\Users\BAHAA.ABUSHEHADEH\source\repos\QueryMonitoring\Products\Entities\Product.cs(15,16): warning CS8618: Non-nullable property 'Shop' must contain a non-null value when exiting constructor. Consider adding the 'required' modifier or declaring the property as nullable. [C:\Users\BAHAA.ABUSHEHADEH\source\repos\QueryMonitoring\QueryMonitoring.csproj]
C:\Users\BAHAA.ABUSHEHADEH\source\repos\QueryMonitoring\DatabaseManagement\Interceptors\MallDbInterceptor.cs(32,34): warning CS8618: Non-nullable field 'Durations' must contain a non-null value when exiting constructor. Consider adding the 'required' modifier or declaring the field as nullable. [C:\Users\BAHAA.ABUSHEHADEH\source\repos\QueryMonitoring\QueryMonitoring.csproj]
C:\Users\BAHAA.ABUSHEHADEH\source\repos\QueryMonitoring\DatabaseManagement\Interceptors\MallDbInterceptor.cs(33,27): warning CS8618: Non-nullable field '_description' must contain a non-null value when exiting constructor. Consider adding the 'required' modifier or declaring the field as nullable. [C:\Users\BAHAA.ABUSHEHADEH\source\repos\QueryMonitoring\QueryMonitoring.csproj]
  QueryMonitoring -> C:\Users\BAHAA.ABUSHEHADEH\source\repos\QueryMonitoring\bin\Debug\net8.0\2b51a414-d539-4187-9744-15bc4919faed\bin\Release\net8.0\QueryMonitoring.dll
C:\Users\BAHAA.ABUSHEHADEH\source\repos\QueryMonitoring\bin\Debug\net8.0\2b51a414-d539-4187-9744-15bc4919faed\2b51a414-d539-4187-9744-15bc4919faed.notcs(191,16): error CS7036: There is no argument given that corresponds to the required parameter 'options' of 'RamallahDbContext.RamallahDbContext(DbContextOptions<RamallahDbContext>)' [C:\Users\BAHAA.ABUSHEHADEH\source\repos\QueryMonitoring\bin\Debug\net8.0\2b51a414-d539-4187-9744-15bc4919faed\BenchmarkDotNet.Autogenerated.csproj]
C:\Users\BAHAA.ABUSHEHADEH\source\repos\QueryMonitoring\bin\Debug\net8.0\2b51a414-d539-4187-9744-15bc4919faed\2b51a414-d539-4187-9744-15bc4919faed.notcs(199,27): error CS0029: Cannot implicitly convert type 'int' to 'System.Threading.CancellationToken' [C:\Users\BAHAA.ABUSHEHADEH\source\repos\QueryMonitoring\bin\Debug\net8.0\2b51a414-d539-4187-9744-15bc4919faed\BenchmarkDotNet.Autogenerated.csproj]
C:\Users\BAHAA.ABUSHEHADEH\source\repos\QueryMonitoring\bin\Debug\net8.0\2b51a414-d539-4187-9744-15bc4919faed\2b51a414-d539-4187-9744-15bc4919faed.notcs(362,16): error CS7036: There is no argument given that corresponds to the required parameter 'options' of 'RamallahDbContext.RamallahDbContext(DbContextOptions<RamallahDbContext>)' [C:\Users\BAHAA.ABUSHEHADEH\source\repos\QueryMonitoring\bin\Debug\net8.0\2b51a414-d539-4187-9744-15bc4919faed\BenchmarkDotNet.Autogenerated.csproj]
C:\Users\BAHAA.ABUSHEHADEH\source\repos\QueryMonitoring\bin\Debug\net8.0\2b51a414-d539-4187-9744-15bc4919faed\2b51a414-d539-4187-9744-15bc4919faed.notcs(370,27): error CS0029: Cannot implicitly convert type 'int' to 'System.Threading.CancellationToken' [C:\Users\BAHAA.ABUSHEHADEH\source\repos\QueryMonitoring\bin\Debug\net8.0\2b51a414-d539-4187-9744-15bc4919faed\BenchmarkDotNet.Autogenerated.csproj]
Build FAILED.
C:\Users\BAHAA.ABUSHEHADEH\source\repos\QueryMonitoring\bin\Debug\net8.0\2b51a414-d539-4187-9744-15bc4919faed\BenchmarkDotNet.Autogenerated.csproj : warning NU1608: Detected package version outside of dependency constraint: Pomelo.EntityFrameworkCore.MySql 8.0.2 requires Microsoft.EntityFrameworkCore.Relational (>= 8.0.2 && <= 8.0.999) but version Microsoft.EntityFrameworkCore.Relational 9.0.0 was resolved.
C:\Users\BAHAA.ABUSHEHADEH\source\repos\QueryMonitoring\bin\Debug\net8.0\2b51a414-d539-4187-9744-15bc4919faed\BenchmarkDotNet.Autogenerated.csproj : warning NU1701: Package 'MySql.Data.EntityFramework 9.0.0' was restored using '.NETFramework,Version=v4.6.1, .NETFramework,Version=v4.6.2, .NETFramework,Version=v4.7, .NETFramework,Version=v4.7.1, .NETFramework,Version=v4.7.2, .NETFramework,Version=v4.8, .NETFramework,Version=v4.8.1' instead of the project target framework 'net8.0'. This package may not be fully compatible with your project.
C:\Users\BAHAA.ABUSHEHADEH\source\repos\QueryMonitoring\QueryMonitoring.csproj : warning NU1608: Detected package version outside of dependency constraint: Pomelo.EntityFrameworkCore.MySql 8.0.2 requires Microsoft.EntityFrameworkCore.Relational (>= 8.0.2 && <= 8.0.999) but version Microsoft.EntityFrameworkCore.Relational 9.0.0 was resolved.
C:\Users\BAHAA.ABUSHEHADEH\source\repos\QueryMonitoring\QueryMonitoring.csproj : warning NU1701: Package 'MySql.Data.EntityFramework 9.0.0' was restored using '.NETFramework,Version=v4.6.1, .NETFramework,Version=v4.6.2, .NETFramework,Version=v4.7, .NETFramework,Version=v4.7.1, .NETFramework,Version=v4.7.2, .NETFramework,Version=v4.8, .NETFramework,Version=v4.8.1' instead of the project target framework 'net8.0'. This package may not be fully compatible with your project.
C:\Users\BAHAA.ABUSHEHADEH\source\repos\QueryMonitoring\Entities\Attachment.cs(7,12): warning CS8618: Non-nullable property 'EntityId' must contain a non-null value when exiting constructor. Consider adding the 'required' modifier or declaring the property as nullable. [C:\Users\BAHAA.ABUSHEHADEH\source\repos\QueryMonitoring\QueryMonitoring.csproj]
C:\Users\BAHAA.ABUSHEHADEH\source\repos\QueryMonitoring\Entities\Attachment.cs(7,12): warning CS8618: Non-nullable property 'EntityName' must contain a non-null value when exiting constructor. Consider adding the 'required' modifier or declaring the property as nullable. [C:\Users\BAHAA.ABUSHEHADEH\source\repos\QueryMonitoring\QueryMonitoring.csproj]
C:\Users\BAHAA.ABUSHEHADEH\source\repos\QueryMonitoring\Entities\Attachment.cs(7,12): warning CS8618: Non-nullable property 'Name' must contain a non-null value when exiting constructor. Consider adding the 'required' modifier or declaring the property as nullable. [C:\Users\BAHAA.ABUSHEHADEH\source\repos\QueryMonitoring\QueryMonitoring.csproj]
C:\Users\BAHAA.ABUSHEHADEH\source\repos\QueryMonitoring\Entities\Attachment.cs(7,12): warning CS8618: Non-nullable property 'ContentType' must contain a non-null value when exiting constructor. Consider adding the 'required' modifier or declaring the property as nullable. [C:\Users\BAHAA.ABUSHEHADEH\source\repos\QueryMonitoring\QueryMonitoring.csproj]
C:\Users\BAHAA.ABUSHEHADEH\source\repos\QueryMonitoring\Entities\Attachment.cs(7,12): warning CS8618: Non-nullable property 'Content' must contain a non-null value when exiting constructor. Consider adding the 'required' modifier or declaring the property as nullable. [C:\Users\BAHAA.ABUSHEHADEH\source\repos\QueryMonitoring\QueryMonitoring.csproj]
C:\Users\BAHAA.ABUSHEHADEH\source\repos\QueryMonitoring\Entities\Shop.cs(8,12): warning CS8618: Non-nullable field 'Name' must contain a non-null value when exiting constructor. Consider adding the 'required' modifier or declaring the field as nullable. [C:\Users\BAHAA.ABUSHEHADEH\source\repos\QueryMonitoring\QueryMonitoring.csproj]
C:\Users\BAHAA.ABUSHEHADEH\source\repos\QueryMonitoring\Entities\Shop.cs(8,12): warning CS8618: Non-nullable field 'Address' must contain a non-null value when exiting constructor. Consider adding the 'required' modifier or declaring the field as nullable. [C:\Users\BAHAA.ABUSHEHADEH\source\repos\QueryMonitoring\QueryMonitoring.csproj]
C:\Users\BAHAA.ABUSHEHADEH\source\repos\QueryMonitoring\Entities\Shop.cs(8,12): warning CS8618: Non-nullable field 'ProductTypes' must contain a non-null value when exiting constructor. Consider adding the 'required' modifier or declaring the field as nullable. [C:\Users\BAHAA.ABUSHEHADEH\source\repos\QueryMonitoring\QueryMonitoring.csproj]
C:\Users\BAHAA.ABUSHEHADEH\source\repos\QueryMonitoring\Products\Entities\ProductType.cs(8,19): warning CS8618: Non-nullable property 'Name' must contain a non-null value when exiting constructor. Consider adding the 'required' modifier or declaring the property as nullable. [C:\Users\BAHAA.ABUSHEHADEH\source\repos\QueryMonitoring\QueryMonitoring.csproj]
C:\Users\BAHAA.ABUSHEHADEH\source\repos\QueryMonitoring\Products\Entities\Product.cs(10,16): warning CS8618: Non-nullable property 'Name' must contain a non-null value when exiting constructor. Consider adding the 'required' modifier or declaring the property as nullable. [C:\Users\BAHAA.ABUSHEHADEH\source\repos\QueryMonitoring\QueryMonitoring.csproj]
C:\Users\BAHAA.ABUSHEHADEH\source\repos\QueryMonitoring\Products\Entities\Product.cs(10,16): warning CS8618: Non-nullable property 'ProductType' must contain a non-null value when exiting constructor. Consider adding the 'required' modifier or declaring the property as nullable. [C:\Users\BAHAA.ABUSHEHADEH\source\repos\QueryMonitoring\QueryMonitoring.csproj]
C:\Users\BAHAA.ABUSHEHADEH\source\repos\QueryMonitoring\Products\Entities\Product.cs(10,16): warning CS8618: Non-nullable property 'Manufacturer' must contain a non-null value when exiting constructor. Consider adding the 'required' modifier or declaring the property as nullable. [C:\Users\BAHAA.ABUSHEHADEH\source\repos\QueryMonitoring\QueryMonitoring.csproj]
C:\Users\BAHAA.ABUSHEHADEH\source\repos\QueryMonitoring\Products\Entities\Product.cs(10,16): warning CS8618: Non-nullable property 'Shop' must contain a non-null value when exiting constructor. Consider adding the 'required' modifier or declaring the property as nullable. [C:\Users\BAHAA.ABUSHEHADEH\source\repos\QueryMonitoring\QueryMonitoring.csproj]
C:\Users\BAHAA.ABUSHEHADEH\source\repos\QueryMonitoring\Products\Entities\Product.cs(15,16): warning CS8618: Non-nullable property 'ProductType' must contain a non-null value when exiting constructor. Consider adding the 'required' modifier or declaring the property as nullable. [C:\Users\BAHAA.ABUSHEHADEH\source\repos\QueryMonitoring\QueryMonitoring.csproj]
C:\Users\BAHAA.ABUSHEHADEH\source\repos\QueryMonitoring\Products\Entities\Product.cs(15,16): warning CS8618: Non-nullable property 'Shop' must contain a non-null value when exiting constructor. Consider adding the 'required' modifier or declaring the property as nullable. [C:\Users\BAHAA.ABUSHEHADEH\source\repos\QueryMonitoring\QueryMonitoring.csproj]
C:\Users\BAHAA.ABUSHEHADEH\source\repos\QueryMonitoring\DatabaseManagement\Interceptors\MallDbInterceptor.cs(32,34): warning CS8618: Non-nullable field 'Durations' must contain a non-null value when exiting constructor. Consider adding the 'required' modifier or declaring the field as nullable. [C:\Users\BAHAA.ABUSHEHADEH\source\repos\QueryMonitoring\QueryMonitoring.csproj]
C:\Users\BAHAA.ABUSHEHADEH\source\repos\QueryMonitoring\DatabaseManagement\Interceptors\MallDbInterceptor.cs(33,27): warning CS8618: Non-nullable field '_description' must contain a non-null value when exiting constructor. Consider adding the 'required' modifier or declaring the field as nullable. [C:\Users\BAHAA.ABUSHEHADEH\source\repos\QueryMonitoring\QueryMonitoring.csproj]
C:\Users\BAHAA.ABUSHEHADEH\source\repos\QueryMonitoring\bin\Debug\net8.0\2b51a414-d539-4187-9744-15bc4919faed\2b51a414-d539-4187-9744-15bc4919faed.notcs(191,16): error CS7036: There is no argument given that corresponds to the required parameter 'options' of 'RamallahDbContext.RamallahDbContext(DbContextOptions<RamallahDbContext>)' [C:\Users\BAHAA.ABUSHEHADEH\source\repos\QueryMonitoring\bin\Debug\net8.0\2b51a414-d539-4187-9744-15bc4919faed\BenchmarkDotNet.Autogenerated.csproj]
C:\Users\BAHAA.ABUSHEHADEH\source\repos\QueryMonitoring\bin\Debug\net8.0\2b51a414-d539-4187-9744-15bc4919faed\2b51a414-d539-4187-9744-15bc4919faed.notcs(199,27): error CS0029: Cannot implicitly convert type 'int' to 'System.Threading.CancellationToken' [C:\Users\BAHAA.ABUSHEHADEH\source\repos\QueryMonitoring\bin\Debug\net8.0\2b51a414-d539-4187-9744-15bc4919faed\BenchmarkDotNet.Autogenerated.csproj]
C:\Users\BAHAA.ABUSHEHADEH\source\repos\QueryMonitoring\bin\Debug\net8.0\2b51a414-d539-4187-9744-15bc4919faed\2b51a414-d539-4187-9744-15bc4919faed.notcs(362,16): error CS7036: There is no argument given that corresponds to the required parameter 'options' of 'RamallahDbContext.RamallahDbContext(DbContextOptions<RamallahDbContext>)' [C:\Users\BAHAA.ABUSHEHADEH\source\repos\QueryMonitoring\bin\Debug\net8.0\2b51a414-d539-4187-9744-15bc4919faed\BenchmarkDotNet.Autogenerated.csproj]
C:\Users\BAHAA.ABUSHEHADEH\source\repos\QueryMonitoring\bin\Debug\net8.0\2b51a414-d539-4187-9744-15bc4919faed\2b51a414-d539-4187-9744-15bc4919faed.notcs(370,27): error CS0029: Cannot implicitly convert type 'int' to 'System.Threading.CancellationToken' [C:\Users\BAHAA.ABUSHEHADEH\source\repos\QueryMonitoring\bin\Debug\net8.0\2b51a414-d539-4187-9744-15bc4919faed\BenchmarkDotNet.Autogenerated.csproj]
    21 Warning(s)
    4 Error(s)
Time Elapsed 00:00:08.31
Workload updates are available. Run `dotnet workload list` for more information.

// BenchmarkDotNet has failed to build the auto-generated boilerplate code.
// It can be found in C:\Users\BAHAA.ABUSHEHADEH\source\repos\QueryMonitoring\bin\Debug\net8.0\2b51a414-d539-4187-9744-15bc4919faed
// Please follow the troubleshooting guide: https://benchmarkdotnet.org/articles/guides/troubleshooting.html

// ** Remained 0 (0.0%) benchmark(s) to run. Estimated finish 2025-01-18 0:39 (0h 0m from now) **
Successfully reverted power plan (GUID: 381b4222-f694-41f0-9685-ff5bb260df2e FriendlyName: Balanced)
// ***** BenchmarkRunner: Finish  *****

// * Export *
  .\QueriesMonitoring\DatabaseManagement\results\QueryMonitoring.DatabaseManagement.DbContexts.RamallahDbContext-measurements.csv
  .\QueriesMonitoring\DatabaseManagement\results\QueryMonitoring.DatabaseManagement.DbContexts.RamallahDbContext-report.csv
  .\QueriesMonitoring\DatabaseManagement\results\QueryMonitoring.DatabaseManagement.DbContexts.RamallahDbContext-report.html
  .\QueriesMonitoring\DatabaseManagement\results\QueryMonitoring.DatabaseManagement.DbContexts.RamallahDbContext-report.txt
  .\QueriesMonitoring\DatabaseManagement\results\BuildPlots.R
  .\QueriesMonitoring\DatabaseManagement\results\*.png

// * Detailed results *
RamallahDbContext.SaveChangesAsync: Job-PNPARO(OutlierMode=DontRemove, RunStrategy=Monitoring) [cancellationToken=100]
Runtime = ; GC = 
There are not any results runs

// * Summary *

BenchmarkDotNet v0.14.0, Windows 11 (10.0.22631.4751/23H2/2023Update/SunValley3)
Intel Core i7-8565U CPU 1.80GHz (Whiskey Lake), 1 CPU, 8 logical and 4 physical cores
.NET SDK 8.0.403
  [Host] : .NET 8.0.12 (8.0.1224.60305), X64 RyuJIT AVX2 DEBUG

Namespace=QueryMonitoring.DatabaseManagement.DbContexts  

| Mean | StdErr | StdDev | Min | Max | Q1 | Median | Q3 | Iterations | Op/s | Rank | Baseline |
|-----:|-------:|-------:|----:|----:|---:|-------:|---:|-----------:|-----:|-----:|--------- |
|   NA |     NA |     NA |  NA |  NA | NA |     NA | NA |         NA |   NA |    ? | No       |

Benchmarks with issues:
  RamallahDbContext.SaveChangesAsync: Job-PNPARO(OutlierMode=DontRemove, RunStrategy=Monitoring) [cancellationToken=100]
// * Config Issues *

// * Warnings *
Configuration
  Summary -> The CsvMeasurementsExporter is already present in the configuration. There may be unexpected results of RPlotExporter.

// * Legends *
  Mean       : Arithmetic mean of all measurements
  StdErr     : Standard error of all measurements
  StdDev     : Standard deviation of all measurements
  Min        : Minimum
  Max        : Maximum
  Q1         : Quartile 1 (25th percentile)
  Median     : Value separating the higher half of all measurements (50th percentile)
  Q3         : Quartile 3 (75th percentile)
  Iterations : Number of target iterations
  Op/s       : Operation per second
  Rank       : Relative position of current benchmark mean among all benchmarks (Arabic style)
  1 ns       : 1 Nanosecond (0.000000001 sec)

// * Diagnostic Output - DotMemory *

// * Diagnostic Output - MemoryDiagnoser *

// * Diagnostic Output - DotTrace *


// ***** BenchmarkRunner: End *****
Run time: 00:00:00 (0.29 sec), executed benchmarks: 0

Global total time: 00:00:15 (15.49 sec), executed benchmarks: 0
// * Artifacts cleanup *
Artifacts cleanup is finished
